FBCS-TerminalStatus-UB04-FBCentral-20190422.txt,
FBCS-TerminalStatus-UB04-FBCentral-20190423.txt,
FBCS-TerminalStatus-UB04-FBCentral-C-20190422.txt,
FBCS-TerminalStatus-UB04-FBCentral-C-20190423.txt,
FBCS-TerminalStatus-UB04-R1V18-20190422.txt,
FBCS-TerminalStatus-UB04-R1V18-C-20190422.txt,
FBCS-TerminalStatus-UB04-R1V18T-20190422.txt,
FBCS-TerminalStatus-UB04-R1V18T-C-20190422.txt,
FBCS-TerminalStatus-UB04-R1V19-20190422.txt,
FBCS-TerminalStatus-UB04-R1V19-C-20190422.txt,
FBCS-TerminalStatus-UB04-R1V20-20190422.txt,
FBCS-TerminalStatus-UB04-R1V20-C-20190422.txt,
FBCS-TerminalStatus-UB04-R1V21-20190422.txt,
FBCS-TerminalStatus-UB04-R1V21-C-20190422.txt,
FBCS-TerminalStatus-UB04-R1V22-20190422.txt,
FBCS-TerminalStatus-UB04-R1V22-C-20190422.txt,
FBCS-TerminalStatus-UB04-R2V12H-20190422.txt,
FBCS-TerminalStatus-UB04-R2V12H-C-20190422.txt,
FBCS-TerminalStatus-UB04-R2V12M-20190422.txt,
FBCS-TerminalStatus-UB04-R2V12M-C-20190422.txt,
FBCS-TerminalStatus-UB04-R2V15KC-20190422.txt,
FBCS-TerminalStatus-UB04-R2V15KC-C-20190422.txt,
FBCS-TerminalStatus-UB04-R2V15SL-20190423.txt,
FBCS-TerminalStatus-UB04-R2V15SL-C-20190423.txt,
FBCS-TerminalStatus-UB04-R2V16-20190423.txt,
FBCS-TerminalStatus-UB04-R2V16-C-20190423.txt,
FBCS-TerminalStatus-UB04-R2V17-20190422.txt,
FBCS-TerminalStatus-UB04-R2V17-C-20190422.txt,
FBCS-TerminalStatus-UB04-R2V23M-20190422.txt,
FBCS-TerminalStatus-UB04-R2V23M-C-20190422.txt,
FBCS-TerminalStatus-UB04-R2V23O-20190422.txt,
FBCS-TerminalStatus-UB04-R2V23O-C-20190422.txt,
FBCS-TerminalStatus-UB04-R3V10-20190422.txt,
FBCS-TerminalStatus-UB04-R3V10-C-20190422.txt,
FBCS-TerminalStatus-UB04-R3V11-20190422.txt,
FBCS-TerminalStatus-UB04-R3V11-C-20190422.txt,
FBCS-TerminalStatus-UB04-R3V6-20190422.txt,
FBCS-TerminalStatus-UB04-R3V6-C-20190422.txt,
FBCS-TerminalStatus-UB04-R3V7-20190422.txt,
FBCS-TerminalStatus-UB04-R3V7-C-20190422.txt,
FBCS-TerminalStatus-UB04-R3V8BP-20190422.txt,
FBCS-TerminalStatus-UB04-R3V8BP-C-20190422.txt,
FBCS-TerminalStatus-UB04-R3V8NF-20190422.txt,
FBCS-TerminalStatus-UB04-R3V8NF-20190423.txt,
FBCS-TerminalStatus-UB04-R3V8NF-C-20190422.txt,
FBCS-TerminalStatus-UB04-R3V8NF-C-20190423.txt,
FBCS-TerminalStatus-UB04-R3V8O-20190422.txt,
FBCS-TerminalStatus-UB04-R3V8O-C-20190422.txt,
FBCS-TerminalStatus-UB04-R3V8SJ-20190422.txt,
FBCS-TerminalStatus-UB04-R3V8SJ-C-20190422.txt,
FBCS-TerminalStatus-UB04-R3V8WP-20190422.txt,
FBCS-TerminalStatus-UB04-R3V8WP-C-20190422.txt,
FBCS-TerminalStatus-UB04-R3V9H-20190422.txt,
FBCS-TerminalStatus-UB04-R3V9H-C-20190422.txt,
FBCS-TerminalStatus-UB04-R3V9LV-20190422.txt,
FBCS-TerminalStatus-UB04-R3V9LV-C-20190422.txt,
FBCS-TerminalStatus-UB04-R3V9LX-20190422.txt,
FBCS-TerminalStatus-UB04-R3V9LX-C-20190422.txt,
FBCS-TerminalStatus-UB04-R3V9MH-20190422.txt,
FBCS-TerminalStatus-UB04-R3V9MH-C-20190422.txt,
FBCS-TerminalStatus-UB04-R3V9MP-20190422.txt,
FBCS-TerminalStatus-UB04-R3V9MP-C-20190422.txt,
FBCS-TerminalStatus-UB04-R3V9TV-20190422.txt,
FBCS-TerminalStatus-UB04-R3V9TV-C-20190422.txt,
FBCS-TerminalStatus-UB04-R4V1-20190422.txt,
FBCS-TerminalStatus-UB04-R4V1-C-20190422.txt,
FBCS-TerminalStatus-UB04-R4V2-20190422.txt,
FBCS-TerminalStatus-UB04-R4V2-C-20190422.txt,
FBCS-TerminalStatus-UB04-R4V3-20190422.txt,
FBCS-TerminalStatus-UB04-R4V3-C-20190422.txt,
FBCS-TerminalStatus-UB04-R4V4-20190422.txt,
FBCS-TerminalStatus-UB04-R4V4-C-20190422.txt,
FBCS-TerminalStatus-UB04-R4V5-20190422.txt,
FBCS-TerminalStatus-UB04-R4V5-C-20190422.txt
