2019-04-23 FBCS-TerminalStatus-UB04-FBCentral-20190422.txt
2019-04-23 FBCS-TerminalStatus-UB04-FBCentral-20190423.txt
2019-04-23 FBCS-TerminalStatus-UB04-R1V18-20190422.txt
2019-04-23 FBCS-TerminalStatus-UB04-R1V18T-20190422.txt
2019-04-23 FBCS-TerminalStatus-UB04-R1V19-20190422.txt
2019-04-23 FBCS-TerminalStatus-UB04-R1V20-20190422.txt
2019-04-23 FBCS-TerminalStatus-UB04-R1V21-20190422.txt
2019-04-23 FBCS-TerminalStatus-UB04-R1V22-20190422.txt
2019-04-23 FBCS-TerminalStatus-UB04-R2V12H-20190422.txt
2019-04-23 FBCS-TerminalStatus-UB04-R2V12M-20190422.txt
2019-04-23 FBCS-TerminalStatus-UB04-R2V15KC-20190422.txt
2019-04-23 FBCS-TerminalStatus-UB04-R2V15SL-20190423.txt
2019-04-23 FBCS-TerminalStatus-UB04-R2V16-20190423.txt
2019-04-23 FBCS-TerminalStatus-UB04-R2V17-20190422.txt
2019-04-23 FBCS-TerminalStatus-UB04-R2V23M-20190422.txt
2019-04-23 FBCS-TerminalStatus-UB04-R2V23O-20190422.txt
2019-04-23 FBCS-TerminalStatus-UB04-R3V10-20190422.txt
2019-04-23 FBCS-TerminalStatus-UB04-R3V11-20190422.txt
2019-04-23 FBCS-TerminalStatus-UB04-R3V6-20190422.txt
2019-04-23 FBCS-TerminalStatus-UB04-R3V7-20190422.txt
2019-04-23 FBCS-TerminalStatus-UB04-R3V8BP-20190422.txt
2019-04-23 FBCS-TerminalStatus-UB04-R3V8NF-20190422.txt
2019-04-23 FBCS-TerminalStatus-UB04-R3V8NF-20190423.txt
2019-04-23 FBCS-TerminalStatus-UB04-R3V8O-20190422.txt
2019-04-23 FBCS-TerminalStatus-UB04-R3V8SJ-20190422.txt
2019-04-23 FBCS-TerminalStatus-UB04-R3V8WP-20190422.txt
2019-04-23 FBCS-TerminalStatus-UB04-R3V9H-20190422.txt
2019-04-23 FBCS-TerminalStatus-UB04-R3V9LV-20190422.txt
2019-04-23 FBCS-TerminalStatus-UB04-R3V9LX-20190422.txt
2019-04-23 FBCS-TerminalStatus-UB04-R3V9MH-20190422.txt
2019-04-23 FBCS-TerminalStatus-UB04-R3V9MP-20190422.txt
2019-04-23 FBCS-TerminalStatus-UB04-R3V9TV-20190422.txt
2019-04-23 FBCS-TerminalStatus-UB04-R4V1-20190422.txt
2019-04-23 FBCS-TerminalStatus-UB04-R4V2-20190422.txt
2019-04-23 FBCS-TerminalStatus-UB04-R4V3-20190422.txt
2019-04-23 FBCS-TerminalStatus-UB04-R4V4-20190422.txt
2019-04-23 FBCS-TerminalStatus-UB04-R4V5-20190422.txt
