2019-04-23 FBCS-TerminalStatus-UB04-FBCentral-20190422.txt FBCS-TerminalStatus-UB04-FBCentral-C-20190422.txt FBCent_U190422210056
2019-04-23 FBCS-TerminalStatus-UB04-FBCentral-20190423.txt FBCS-TerminalStatus-UB04-FBCentral-C-20190423.txt FBCent_U190423210056
2019-04-23 FBCS-TerminalStatus-UB04-R1V18-20190422.txt FBCS-TerminalStatus-UB04-R1V18-C-20190422.txt R1V18_U190422210056
2019-04-23 FBCS-TerminalStatus-UB04-R1V18T-20190422.txt FBCS-TerminalStatus-UB04-R1V18T-C-20190422.txt R1V18T_U190422210057
2019-04-23 FBCS-TerminalStatus-UB04-R1V19-20190422.txt FBCS-TerminalStatus-UB04-R1V19-C-20190422.txt R1V19_U190422210057
2019-04-23 FBCS-TerminalStatus-UB04-R1V20-20190422.txt FBCS-TerminalStatus-UB04-R1V20-C-20190422.txt R1V20_U190422210058
2019-04-23 FBCS-TerminalStatus-UB04-R1V21-20190422.txt FBCS-TerminalStatus-UB04-R1V21-C-20190422.txt R1V21_U190422210059
2019-04-23 FBCS-TerminalStatus-UB04-R1V22-20190422.txt FBCS-TerminalStatus-UB04-R1V22-C-20190422.txt R1V22_U190422210059
2019-04-23 FBCS-TerminalStatus-UB04-R2V12H-20190422.txt FBCS-TerminalStatus-UB04-R2V12H-C-20190422.txt R2V12H_U190422210100
2019-04-23 FBCS-TerminalStatus-UB04-R2V12M-20190422.txt FBCS-TerminalStatus-UB04-R2V12M-C-20190422.txt R2V12M_U190422210101
2019-04-23 FBCS-TerminalStatus-UB04-R2V15KC-20190422.txt FBCS-TerminalStatus-UB04-R2V15KC-C-20190422.txt R2V15K_U190422210101
2019-04-23 FBCS-TerminalStatus-UB04-R2V15SL-20190423.txt FBCS-TerminalStatus-UB04-R2V15SL-C-20190423.txt R2V15S_U190423210101
2019-04-23 FBCS-TerminalStatus-UB04-R2V16-20190423.txt FBCS-TerminalStatus-UB04-R2V16-C-20190423.txt R2V16_U190423210102
2019-04-23 FBCS-TerminalStatus-UB04-R2V17-20190422.txt FBCS-TerminalStatus-UB04-R2V17-C-20190422.txt R2V17_U190422210103
2019-04-23 FBCS-TerminalStatus-UB04-R2V23M-20190422.txt FBCS-TerminalStatus-UB04-R2V23M-C-20190422.txt R2V23M_U190422210104
2019-04-23 FBCS-TerminalStatus-UB04-R2V23O-20190422.txt FBCS-TerminalStatus-UB04-R2V23O-C-20190422.txt R2V23O_U190422210104
2019-04-23 FBCS-TerminalStatus-UB04-R3V10-20190422.txt FBCS-TerminalStatus-UB04-R3V10-C-20190422.txt R3V10_U190422210105
2019-04-23 FBCS-TerminalStatus-UB04-R3V11-20190422.txt FBCS-TerminalStatus-UB04-R3V11-C-20190422.txt R3V11_U190422210105
2019-04-23 FBCS-TerminalStatus-UB04-R3V6-20190422.txt FBCS-TerminalStatus-UB04-R3V6-C-20190422.txt R3V6_U190422210106
2019-04-23 FBCS-TerminalStatus-UB04-R3V7-20190422.txt FBCS-TerminalStatus-UB04-R3V7-C-20190422.txt R3V7_U190422210107
2019-04-23 FBCS-TerminalStatus-UB04-R3V8BP-20190422.txt FBCS-TerminalStatus-UB04-R3V8BP-C-20190422.txt R3V8BP_U190422210108
2019-04-23 FBCS-TerminalStatus-UB04-R3V8NF-20190422.txt FBCS-TerminalStatus-UB04-R3V8NF-C-20190422.txt R3V8NF_U190422210108
2019-04-23 FBCS-TerminalStatus-UB04-R3V8NF-20190423.txt FBCS-TerminalStatus-UB04-R3V8NF-C-20190423.txt R3V8NF_U190423210108
2019-04-23 FBCS-TerminalStatus-UB04-R3V8O-20190422.txt FBCS-TerminalStatus-UB04-R3V8O-C-20190422.txt R3V8O_U190422210109
2019-04-23 FBCS-TerminalStatus-UB04-R3V8SJ-20190422.txt FBCS-TerminalStatus-UB04-R3V8SJ-C-20190422.txt R3V8SJ_U190422210109
2019-04-23 FBCS-TerminalStatus-UB04-R3V8WP-20190422.txt FBCS-TerminalStatus-UB04-R3V8WP-C-20190422.txt R3V8WP_U190422210110
2019-04-23 FBCS-TerminalStatus-UB04-R3V9H-20190422.txt FBCS-TerminalStatus-UB04-R3V9H-C-20190422.txt R3V9H_U190422210110
2019-04-23 FBCS-TerminalStatus-UB04-R3V9LV-20190422.txt FBCS-TerminalStatus-UB04-R3V9LV-C-20190422.txt R3V9LV_U190422210110
2019-04-23 FBCS-TerminalStatus-UB04-R3V9LX-20190422.txt FBCS-TerminalStatus-UB04-R3V9LX-C-20190422.txt R3V9LX_U190422210110
2019-04-23 FBCS-TerminalStatus-UB04-R3V9MH-20190422.txt FBCS-TerminalStatus-UB04-R3V9MH-C-20190422.txt R3V9MH_U190422210110
2019-04-23 FBCS-TerminalStatus-UB04-R3V9MP-20190422.txt FBCS-TerminalStatus-UB04-R3V9MP-C-20190422.txt R3V9MP_U190422210111
2019-04-23 FBCS-TerminalStatus-UB04-R3V9TV-20190422.txt FBCS-TerminalStatus-UB04-R3V9TV-C-20190422.txt R3V9TV_U190422210111
2019-04-23 FBCS-TerminalStatus-UB04-R4V1-20190422.txt FBCS-TerminalStatus-UB04-R4V1-C-20190422.txt R4V1_U190422210111
2019-04-23 FBCS-TerminalStatus-UB04-R4V2-20190422.txt FBCS-TerminalStatus-UB04-R4V2-C-20190422.txt R4V2_U190422210112
2019-04-23 FBCS-TerminalStatus-UB04-R4V3-20190422.txt FBCS-TerminalStatus-UB04-R4V3-C-20190422.txt R4V3_U190422210112
2019-04-23 FBCS-TerminalStatus-UB04-R4V4-20190422.txt FBCS-TerminalStatus-UB04-R4V4-C-20190422.txt R4V4_U190422210112
2019-04-23 FBCS-TerminalStatus-UB04-R4V5-20190422.txt FBCS-TerminalStatus-UB04-R4V5-C-20190422.txt R4V5_U190422210113
